<?xml version="1.0" encoding="UTF-8"?>
<!-- Generated by org.testng.reporters.JUnitXMLReporter -->
<testsuite ignored="0" hostname="yeshs-Mac-mini.local" failures="0" tests="4" name="applaudpagetesting" time="96.878" errors="0" timestamp="2024-06-26T16:35:25 IST">
  <testcase classname="applaudpagetesting.Applaud" name="seeReceivedApplauds" time="25.597"/>
  <testcase classname="applaudpagetesting.Applaud" name="seeSentApplauds" time="23.199"/>
  <testcase classname="applaudpagetesting.Applaud" name="sendApplaud" time="24.193"/>
  <testcase classname="applaudpagetesting.Applaud" name="useMonthFilter" time="23.865"/>
</testsuite> <!-- applaudpagetesting -->
