<?xml version="1.0" encoding="UTF-8"?>
<!-- Generated by org.testng.reporters.JUnitXMLReporter -->
<testsuite ignored="0" hostname="yeshs-Mac-mini.local" failures="0" tests="4" name="applaudpagetesting" time="111.535" errors="0" timestamp="2024-06-24T10:08:23 IST">
  <testcase classname="applaudpagetesting.Applaud" name="seeReceivedApplauds" time="26.173"/>
  <testcase classname="applaudpagetesting.Applaud" name="seeSentApplauds" time="25.223"/>
  <testcase classname="applaudpagetesting.Applaud" name="sendApplaud" time="28.372"/>
  <testcase classname="applaudpagetesting.Applaud" name="useMonthFilter" time="31.747"/>
</testsuite> <!-- applaudpagetesting -->
