<?xml version="1.0" encoding="UTF-8"?>
<!-- Generated by org.testng.reporters.JUnitXMLReporter -->
<testsuite ignored="0" hostname="DESKTOP-QU91SGO" failures="0" tests="4" name="applaudpagetesting" time="201.228" errors="0" timestamp="2024-06-03T15:30:25 IST">
  <testcase classname="applaudpagetesting.Applaud" name="seeReceivedApplauds" time="61.042"/>
  <testcase classname="applaudpagetesting.Applaud" name="seeSentApplauds" time="44.391"/>
  <testcase classname="applaudpagetesting.Applaud" name="sendApplaud" time="41.794"/>
  <testcase classname="applaudpagetesting.Applaud" name="useMonthFilter" time="53.927"/>
</testsuite> <!-- applaudpagetesting -->
