<?xml version="1.0" encoding="UTF-8"?>
<!-- Generated by org.testng.reporters.JUnitXMLReporter -->
<testsuite ignored="0" hostname="DESKTOP-QU91SGO" failures="0" tests="4" name="applaudpagetesting" time="286.778" errors="0" timestamp="2024-06-04T14:44:19 IST">
  <testcase classname="applaudpagetesting.Applaud" name="seeReceivedApplauds" time="54.616"/>
  <testcase classname="applaudpagetesting.Applaud" name="seeSentApplauds" time="73.554"/>
  <testcase classname="applaudpagetesting.Applaud" name="sendApplaud" time="73.215"/>
  <testcase classname="applaudpagetesting.Applaud" name="useMonthFilter" time="85.302"/>
</testsuite> <!-- applaudpagetesting -->
