<?xml version="1.0" encoding="UTF-8"?>
<!-- Generated by org.testng.reporters.JUnitXMLReporter -->
<testsuite ignored="0" hostname="yeshs-Mac-mini.local" failures="0" tests="7" name="applaudpagetesting" time="258.832" errors="0" timestamp="2024-07-11T15:54:25 IST">
  <testcase classname="applaudpagetesting.Applaud" name="seeReceivedApplauds" time="27.068"/>
  <testcase classname="applaudpagetesting.Applaud" name="seeSentApplauds" time="20.18"/>
  <testcase classname="applaudpagetesting.Applaud" name="sendApplaud" time="44.966">
    <skipped/>
  </testcase> <!-- sendApplaud -->
  <testcase classname="applaudpagetesting.Applaud" name="sendApplaud" time="55.755">
    <skipped/>
  </testcase> <!-- sendApplaud -->
  <testcase classname="applaudpagetesting.Applaud" name="sendApplaud" time="25.789"/>
  <testcase classname="applaudpagetesting.Applaud" name="useMonthFilter" time="34.127">
    <skipped/>
  </testcase> <!-- useMonthFilter -->
  <testcase classname="applaudpagetesting.Applaud" name="useMonthFilter" time="43.729"/>
</testsuite> <!-- applaudpagetesting -->
