<?xml version="1.0" encoding="UTF-8"?>
<!-- Generated by org.testng.reporters.JUnitXMLReporter -->
<testsuite ignored="0" hostname="yeshs-Mac-mini.local" failures="0" tests="4" name="applaudpagetesting" time="132.768" errors="0" timestamp="2024-07-04T15:54:52 IST">
  <testcase classname="applaudpagetesting.Applaud" name="seeReceivedApplauds" time="53.448"/>
  <testcase classname="applaudpagetesting.Applaud" name="seeSentApplauds" time="23.642"/>
  <testcase classname="applaudpagetesting.Applaud" name="sendApplaud" time="30.272"/>
  <testcase classname="applaudpagetesting.Applaud" name="useMonthFilter" time="25.393"/>
</testsuite> <!-- applaudpagetesting -->
