<?xml version="1.0" encoding="UTF-8"?>
<!-- Generated by org.testng.reporters.JUnitXMLReporter -->
<testsuite ignored="0" hostname="DESKTOP-QU91SGO" failures="1" tests="7" name="goalpagetesting" time="377.257" errors="0" timestamp="2024-06-04T12:40:41 IST">
  <testcase classname="goalpagetesting.TestingOfGoalpage" name="goalpage" time="62.946"/>
  <testcase classname="goalpagetesting.TestingOfGoalpage" name="usersCanSeeAbandonedGoals" time="58.752"/>
  <testcase classname="goalpagetesting.TestingOfGoalpage" name="usersCanSeeArchivedGoals" time="52.89"/>
  <testcase classname="goalpagetesting.TestingOfGoalpage" name="usersCanSeeCompletedGoals" time="40.35"/>
  <testcase classname="goalpagetesting.TestingOfGoalpage" name="usersCanSeeDelayedGoals" time="39.095"/>
  <testcase classname="goalpagetesting.TestingOfGoalpage" name="usersCanSeeOnTrackGoals" time="40.186"/>
  <testcase classname="goalpagetesting.TestingOfGoalpage" name="usersCanUpdateStatus" time="82.933">
    <failure type="org.openqa.selenium.TimeoutException" message="Expected condition failed: waiting for visibility of element located by By.cssSelector: span[title=&amp;apos;On Track&amp;apos;] (tried for 20 second(s) with 500 milliseconds interval)
Build info: version: &amp;apos;4.21.0&amp;apos;, revision: &amp;apos;79ed462ef4&amp;apos;
System info: os.name: &amp;apos;Windows 10&amp;apos;, os.arch: &amp;apos;amd64&amp;apos;, os.version: &amp;apos;10.0&amp;apos;, java.version: &amp;apos;17.0.10&amp;apos;
Driver info: org.openqa.selenium.chrome.ChromeDriver
Capabilities {acceptInsecureCerts: false, browserName: chrome, browserVersion: 125.0.6422.114, chrome: {chromedriverVersion: 125.0.6422.141 (4b1e8393712..., userDataDir: C:\Users\Zasya\AppData\Loca...}, fedcm:accounts: true, goog:chromeOptions: {debuggerAddress: localhost:61865}, networkConnectionEnabled: false, pageLoadStrategy: normal, platformName: windows, proxy: Proxy(), se:cdp: ws://localhost:61865/devtoo..., se:cdpVersion: 125.0.6422.114, setWindowRect: true, strictFileInteractability: false, timeouts: {implicit: 0, pageLoad: 300000, script: 30000}, unhandledPromptBehavior: dismiss and notify, webauthn:extension:credBlob: true, webauthn:extension:largeBlob: true, webauthn:extension:minPinLength: true, webauthn:extension:prf: true, webauthn:virtualAuthenticators: true}
Session ID: 703dbb5301d104bae04f497655e0afe1">
      <![CDATA[org.openqa.selenium.TimeoutException: Expected condition failed: waiting for visibility of element located by By.cssSelector: span[title='On Track'] (tried for 20 second(s) with 500 milliseconds interval)
Build info: version: '4.21.0', revision: '79ed462ef4'
System info: os.name: 'Windows 10', os.arch: 'amd64', os.version: '10.0', java.version: '17.0.10'
Driver info: org.openqa.selenium.chrome.ChromeDriver
Capabilities {acceptInsecureCerts: false, browserName: chrome, browserVersion: 125.0.6422.114, chrome: {chromedriverVersion: 125.0.6422.141 (4b1e8393712..., userDataDir: C:\Users\Zasya\AppData\Loca...}, fedcm:accounts: true, goog:chromeOptions: {debuggerAddress: localhost:61865}, networkConnectionEnabled: false, pageLoadStrategy: normal, platformName: windows, proxy: Proxy(), se:cdp: ws://localhost:61865/devtoo..., se:cdpVersion: 125.0.6422.114, setWindowRect: true, strictFileInteractability: false, timeouts: {implicit: 0, pageLoad: 300000, script: 30000}, unhandledPromptBehavior: dismiss and notify, webauthn:extension:credBlob: true, webauthn:extension:largeBlob: true, webauthn:extension:minPinLength: true, webauthn:extension:prf: true, webauthn:virtualAuthenticators: true}
Session ID: 703dbb5301d104bae04f497655e0afe1
at org.openqa.selenium.support.ui.WebDriverWait.timeoutException(WebDriverWait.java:84)
at org.openqa.selenium.support.ui.FluentWait.until(FluentWait.java:228)
at goalpagetesting.TestingOfGoalpage.usersCanUpdateStatus(TestingOfGoalpage.java:215)
at java.base/java.util.ArrayList.forEach(ArrayList.java:1511)
at java.base/java.util.concurrent.FutureTask.run(FutureTask.java:264)
at java.base/java.util.concurrent.ThreadPoolExecutor.runWorker(ThreadPoolExecutor.java:1136)
at java.base/java.util.concurrent.ThreadPoolExecutor$Worker.run(ThreadPoolExecutor.java:635)
at java.base/java.lang.Thread.run(Thread.java:840)
... Removed 18 stack frames]]>
    </failure>
  </testcase> <!-- usersCanUpdateStatus -->
</testsuite> <!-- goalpagetesting -->
