<?xml version="1.0" encoding="UTF-8"?>
<!-- Generated by org.testng.reporters.JUnitXMLReporter -->
<testsuite ignored="0" hostname="yeshs-Mac-mini.local" failures="0" tests="7" name="goalpagetesting" time="179.765" errors="0" timestamp="2024-06-24T10:09:31 IST">
  <testcase classname="goalpagetesting.TestingOfGoalpage" name="goalpage" time="26.31"/>
  <testcase classname="goalpagetesting.TestingOfGoalpage" name="usersCanSeeAbandonedGoals" time="24.297"/>
  <testcase classname="goalpagetesting.TestingOfGoalpage" name="usersCanSeeArchivedGoals" time="25.166"/>
  <testcase classname="goalpagetesting.TestingOfGoalpage" name="usersCanSeeCompletedGoals" time="28.598"/>
  <testcase classname="goalpagetesting.TestingOfGoalpage" name="usersCanSeeDelayedGoals" time="24.73"/>
  <testcase classname="goalpagetesting.TestingOfGoalpage" name="usersCanSeeOnTrackGoals" time="24.048"/>
  <testcase classname="goalpagetesting.TestingOfGoalpage" name="usersCanUpdateStatus" time="26.597"/>
</testsuite> <!-- goalpagetesting -->
