<?xml version="1.0" encoding="UTF-8"?>
<!-- Generated by org.testng.reporters.JUnitXMLReporter -->
<testsuite ignored="0" hostname="yeshs-Mac-mini.local" failures="0" tests="7" name="loginpagetesting" time="56.46" errors="0" timestamp="2024-06-26T16:34:44 IST">
  <testcase classname="loginpagetesting.Testingofloginpage" name="emptypasswordfield" time="4.152"/>
  <testcase classname="loginpagetesting.Testingofloginpage" name="emptyusernamefield" time="4.62"/>
  <testcase classname="loginpagetesting.Testingofloginpage" name="invalidcredentials1" time="4.04"/>
  <testcase classname="loginpagetesting.Testingofloginpage" name="invalidcredentials2" time="6.742"/>
  <testcase classname="loginpagetesting.Testingofloginpage" name="passwordresetlink" time="10.346"/>
  <testcase classname="loginpagetesting.Testingofloginpage" name="userlogout" time="23.301"/>
  <testcase classname="loginpagetesting.Testingofloginpage" name="validcredendetials" time="3.231"/>
</testsuite> <!-- loginpagetesting -->
