<?xml version="1.0" encoding="UTF-8"?>
<!-- Generated by org.testng.reporters.JUnitXMLReporter -->
<testsuite ignored="0" hostname="yeshs-Mac-mini.local" failures="0" tests="7" name="loginpagetesting" time="50.72" errors="0" timestamp="2024-06-26T11:28:21 IST">
  <testcase classname="loginpagetesting.Testingofloginpage" name="emptypasswordfield" time="4.136"/>
  <testcase classname="loginpagetesting.Testingofloginpage" name="emptyusernamefield" time="3.744"/>
  <testcase classname="loginpagetesting.Testingofloginpage" name="invalidcredentials1" time="4.584"/>
  <testcase classname="loginpagetesting.Testingofloginpage" name="invalidcredentials2" time="5.3"/>
  <testcase classname="loginpagetesting.Testingofloginpage" name="passwordresetlink" time="7.098"/>
  <testcase classname="loginpagetesting.Testingofloginpage" name="userlogout" time="22.896"/>
  <testcase classname="loginpagetesting.Testingofloginpage" name="validcredendetials" time="2.942"/>
</testsuite> <!-- loginpagetesting -->
