<?xml version="1.0" encoding="UTF-8"?>
<!-- Generated by org.testng.reporters.JUnitXMLReporter -->
<testsuite ignored="0" hostname="DESKTOP-QU91SGO" failures="0" tests="8" name="loginpagetesting" time="180.264" errors="0" timestamp="2024-05-30T11:28:20 IST">
  <testcase classname="loginpagetesting.Testingofloginpage" name="emptypasswordfield" time="36.101"/>
  <testcase classname="loginpagetesting.Testingofloginpage" name="emptyusernamefield" time="7.588"/>
  <testcase classname="loginpagetesting.Testingofloginpage" name="invalidcredentials1" time="15.57"/>
  <testcase classname="loginpagetesting.Testingofloginpage" name="invalidcredentials2" time="17.452"/>
  <testcase classname="loginpagetesting.Testingofloginpage" name="passwordresetlink" time="20.777"/>
  <testcase classname="loginpagetesting.Testingofloginpage" name="userlogout" time="36.44"/>
  <testcase classname="loginpagetesting.Testingofloginpage" name="validcredendetials" time="10.771"/>
  <testcase classname="loginpagetesting.Testingofloginpage" name="validcredendetials" time="35.465"/>
</testsuite> <!-- loginpagetesting -->
