<?xml version="1.0" encoding="UTF-8"?>
<!-- Generated by org.testng.reporters.JUnitXMLReporter -->
<testsuite ignored="0" hostname="yeshs-Mac-mini.local" failures="0" tests="7" name="loginpagetesting" time="136.922" errors="0" timestamp="2024-07-11T15:52:23 IST">
  <testcase classname="loginpagetesting.Testingofloginpage" name="emptypasswordfield" time="9.043"/>
  <testcase classname="loginpagetesting.Testingofloginpage" name="emptyusernamefield" time="13.726"/>
  <testcase classname="loginpagetesting.Testingofloginpage" name="invalidcredentials1" time="4.889"/>
  <testcase classname="loginpagetesting.Testingofloginpage" name="invalidcredentials2" time="15.052"/>
  <testcase classname="loginpagetesting.Testingofloginpage" name="passwordresetlink" time="28.355"/>
  <testcase classname="loginpagetesting.Testingofloginpage" name="userlogout" time="45.419"/>
  <testcase classname="loginpagetesting.Testingofloginpage" name="validcredendetials" time="10.133"/>
</testsuite> <!-- loginpagetesting -->
