<?xml version="1.0" encoding="UTF-8"?>
<!-- Generated by org.testng.reporters.JUnitXMLReporter -->
<testsuite ignored="0" hostname="DESKTOP-QU91SGO" failures="0" tests="6" name="loginpagetesting" time="129.922" errors="0" timestamp="2024-05-02T12:49:43 IST">
  <testcase classname="loginpagetesting.Testingofloginpage" name="emptypasswordfield" time="27.482"/>
  <testcase classname="loginpagetesting.Testingofloginpage" name="emptyusernamefield" time="12.429"/>
  <testcase classname="loginpagetesting.Testingofloginpage" name="invalidcredentials1" time="15.244"/>
  <testcase classname="loginpagetesting.Testingofloginpage" name="invalidcredentials2" time="13.253"/>
  <testcase classname="loginpagetesting.Testingofloginpage" name="passwordresetlink" time="17.727"/>
  <testcase classname="loginpagetesting.Testingofloginpage" name="userlogout" time="24.313"/>
</testsuite> <!-- loginpagetesting -->
