<?xml version="1.0" encoding="UTF-8"?>
<!-- Generated by org.testng.reporters.JUnitXMLReporter -->
<testsuite ignored="0" hostname="yeshs-Mac-mini.lan" failures="0" tests="7" name="loginpagetesting" time="59.397" errors="0" timestamp="2024-07-09T16:59:02 IST">
  <testcase classname="loginpagetesting.Testingofloginpage" name="emptypasswordfield" time="6.503"/>
  <testcase classname="loginpagetesting.Testingofloginpage" name="emptyusernamefield" time="3.896"/>
  <testcase classname="loginpagetesting.Testingofloginpage" name="invalidcredentials1" time="5.138"/>
  <testcase classname="loginpagetesting.Testingofloginpage" name="invalidcredentials2" time="7.946"/>
  <testcase classname="loginpagetesting.Testingofloginpage" name="passwordresetlink" time="7.995"/>
  <testcase classname="loginpagetesting.Testingofloginpage" name="userlogout" time="24.061"/>
  <testcase classname="loginpagetesting.Testingofloginpage" name="validcredendetials" time="3.837"/>
</testsuite> <!-- loginpagetesting -->
