<?xml version="1.0" encoding="UTF-8"?>
<!-- Generated by org.testng.reporters.JUnitXMLReporter -->
<testsuite ignored="0" hostname="yeshs-Mac-mini.lan" failures="0" tests="7" name="loginpagetesting" time="74.207" errors="0" timestamp="2024-06-27T16:18:49 IST">
  <testcase classname="loginpagetesting.Testingofloginpage" name="emptypasswordfield" time="7.678"/>
  <testcase classname="loginpagetesting.Testingofloginpage" name="emptyusernamefield" time="5.755"/>
  <testcase classname="loginpagetesting.Testingofloginpage" name="invalidcredentials1" time="5.401"/>
  <testcase classname="loginpagetesting.Testingofloginpage" name="invalidcredentials2" time="9.066"/>
  <testcase classname="loginpagetesting.Testingofloginpage" name="passwordresetlink" time="14.303"/>
  <testcase classname="loginpagetesting.Testingofloginpage" name="userlogout" time="26.829"/>
  <testcase classname="loginpagetesting.Testingofloginpage" name="validcredendetials" time="5.159"/>
</testsuite> <!-- loginpagetesting -->
