<?xml version="1.0" encoding="UTF-8"?>
<!-- Generated by org.testng.reporters.JUnitXMLReporter -->
<testsuite ignored="0" hostname="DESKTOP-QU91SGO" failures="1" tests="8" name="loginpagetesting" time="153.828" errors="0" timestamp="2024-05-14T16:34:48 IST">
  <testcase classname="loginpagetesting.Testingofloginpage" name="emptypasswordfield" time="28.762"/>
  <testcase classname="loginpagetesting.Testingofloginpage" name="emptyusernamefield" time="23.568"/>
  <testcase classname="loginpagetesting.Testingofloginpage" name="invalidcredentials1" time="17.931"/>
  <testcase classname="loginpagetesting.Testingofloginpage" name="invalidcredentials2" time="10.232"/>
  <testcase classname="loginpagetesting.Testingofloginpage" name="passwordresetlink" time="31.655"/>
  <testcase classname="loginpagetesting.Testingofloginpage" name="userlogout" time="23.626">
    <failure type="org.openqa.selenium.StaleElementReferenceException" message="stale element reference: stale element not found in the current frame
  (Session info: chrome=124.0.6367.158)
For documentation on this error, please visit: https://www.selenium.dev/documentation/webdriver/troubleshooting/errors#stale-element-reference-exception
Build info: version: &amp;apos;4.20.0&amp;apos;, revision: &amp;apos;866c76ca80&amp;apos;
System info: os.name: &amp;apos;Windows 10&amp;apos;, os.arch: &amp;apos;amd64&amp;apos;, os.version: &amp;apos;10.0&amp;apos;, java.version: &amp;apos;17.0.10&amp;apos;
Driver info: org.openqa.selenium.chrome.ChromeDriver
Command: [e911946dc4d3fbe8027865f473a3e1e8, clickElement {id=f.50A781FE305143E587E109AA5FAD1E0C.d.9E5EC7B7BB5E9C9109F99B83A233100C.e.74}]
Capabilities {acceptInsecureCerts: false, browserName: chrome, browserVersion: 124.0.6367.158, chrome: {chromedriverVersion: 124.0.6367.207 (a9001a6e39f..., userDataDir: C:\Users\Zasya\AppData\Loca...}, fedcm:accounts: true, goog:chromeOptions: {debuggerAddress: localhost:62045}, networkConnectionEnabled: false, pageLoadStrategy: normal, platformName: windows, proxy: Proxy(), se:cdp: ws://localhost:62045/devtoo..., se:cdpVersion: 124.0.6367.158, setWindowRect: true, strictFileInteractability: false, timeouts: {implicit: 0, pageLoad: 300000, script: 30000}, unhandledPromptBehavior: dismiss and notify, webauthn:extension:credBlob: true, webauthn:extension:largeBlob: true, webauthn:extension:minPinLength: true, webauthn:extension:prf: true, webauthn:virtualAuthenticators: true}
Element: [[ChromeDriver: chrome on windows (e911946dc4d3fbe8027865f473a3e1e8)] -&amp;gt; xpath: //button[@class=&amp;apos;rounded-lg w-fit tracking-[0.5px] font-medium flex items-center gap-2 justify-center transition-all duration-200 ease-in-out disabled:cursor-default text-slate-600 hover:text-teal-500 active:text-teal-600 disabled:text-zinc-400 h-12 p-3 text-base relative&amp;apos;]//div[1]]
Session ID: e911946dc4d3fbe8027865f473a3e1e8">
      <![CDATA[org.openqa.selenium.StaleElementReferenceException: stale element reference: stale element not found in the current frame
  (Session info: chrome=124.0.6367.158)
For documentation on this error, please visit: https://www.selenium.dev/documentation/webdriver/troubleshooting/errors#stale-element-reference-exception
Build info: version: '4.20.0', revision: '866c76ca80'
System info: os.name: 'Windows 10', os.arch: 'amd64', os.version: '10.0', java.version: '17.0.10'
Driver info: org.openqa.selenium.chrome.ChromeDriver
Command: [e911946dc4d3fbe8027865f473a3e1e8, clickElement {id=f.50A781FE305143E587E109AA5FAD1E0C.d.9E5EC7B7BB5E9C9109F99B83A233100C.e.74}]
Capabilities {acceptInsecureCerts: false, browserName: chrome, browserVersion: 124.0.6367.158, chrome: {chromedriverVersion: 124.0.6367.207 (a9001a6e39f..., userDataDir: C:\Users\Zasya\AppData\Loca...}, fedcm:accounts: true, goog:chromeOptions: {debuggerAddress: localhost:62045}, networkConnectionEnabled: false, pageLoadStrategy: normal, platformName: windows, proxy: Proxy(), se:cdp: ws://localhost:62045/devtoo..., se:cdpVersion: 124.0.6367.158, setWindowRect: true, strictFileInteractability: false, timeouts: {implicit: 0, pageLoad: 300000, script: 30000}, unhandledPromptBehavior: dismiss and notify, webauthn:extension:credBlob: true, webauthn:extension:largeBlob: true, webauthn:extension:minPinLength: true, webauthn:extension:prf: true, webauthn:virtualAuthenticators: true}
Element: [[ChromeDriver: chrome on windows (e911946dc4d3fbe8027865f473a3e1e8)] -> xpath: //button[@class='rounded-lg w-fit tracking-[0.5px] font-medium flex items-center gap-2 justify-center transition-all duration-200 ease-in-out disabled:cursor-default text-slate-600 hover:text-teal-500 active:text-teal-600 disabled:text-zinc-400 h-12 p-3 text-base relative']//div[1]]
Session ID: e911946dc4d3fbe8027865f473a3e1e8
at org.openqa.selenium.remote.ErrorCodec.decode(ErrorCodec.java:167)
at org.openqa.selenium.remote.codec.w3c.W3CHttpResponseCodec.decode(W3CHttpResponseCodec.java:138)
at org.openqa.selenium.remote.codec.w3c.W3CHttpResponseCodec.decode(W3CHttpResponseCodec.java:50)
at org.openqa.selenium.remote.HttpCommandExecutor.execute(HttpCommandExecutor.java:190)
at org.openqa.selenium.remote.service.DriverCommandExecutor.invokeExecute(DriverCommandExecutor.java:216)
at org.openqa.selenium.remote.service.DriverCommandExecutor.execute(DriverCommandExecutor.java:174)
at org.openqa.selenium.remote.RemoteWebDriver.execute(RemoteWebDriver.java:518)
at org.openqa.selenium.remote.RemoteWebElement.execute(RemoteWebElement.java:223)
at org.openqa.selenium.remote.RemoteWebElement.click(RemoteWebElement.java:76)
at loginpagetesting.Testingofloginpage.userlogout(Testingofloginpage.java:177)
at java.base/java.util.ArrayList.forEach(ArrayList.java:1511)
at java.base/java.util.concurrent.FutureTask.run(FutureTask.java:264)
at java.base/java.util.concurrent.ThreadPoolExecutor.runWorker(ThreadPoolExecutor.java:1136)
at java.base/java.util.concurrent.ThreadPoolExecutor$Worker.run(ThreadPoolExecutor.java:635)
at java.base/java.lang.Thread.run(Thread.java:840)
... Removed 23 stack frames]]>
    </failure>
  </testcase> <!-- userlogout -->
  <testcase classname="loginpagetesting.Testingofloginpage" name="validcredendetials" time="4.661"/>
  <testcase classname="loginpagetesting.Testingofloginpage" name="validcredendetials" time="13.283"/>
</testsuite> <!-- loginpagetesting -->
