<?xml version="1.0" encoding="UTF-8"?>
<!-- Generated by org.testng.reporters.JUnitXMLReporter -->
<testsuite ignored="0" hostname="DESKTOP-QU91SGO" failures="0" tests="7" name="loginpagetesting" time="201.313" errors="0" timestamp="2024-06-04T14:42:53 IST">
  <testcase classname="loginpagetesting.Testingofloginpage" name="emptypasswordfield" time="31.224"/>
  <testcase classname="loginpagetesting.Testingofloginpage" name="emptyusernamefield" time="22.802"/>
  <testcase classname="loginpagetesting.Testingofloginpage" name="invalidcredentials1" time="31.365"/>
  <testcase classname="loginpagetesting.Testingofloginpage" name="invalidcredentials2" time="23.875"/>
  <testcase classname="loginpagetesting.Testingofloginpage" name="passwordresetlink" time="20.031"/>
  <testcase classname="loginpagetesting.Testingofloginpage" name="userlogout" time="52.676"/>
  <testcase classname="loginpagetesting.Testingofloginpage" name="validcredendetials" time="19.21"/>
</testsuite> <!-- loginpagetesting -->
