<?xml version="1.0" encoding="UTF-8"?>
<!-- Generated by org.testng.reporters.JUnitXMLReporter -->
<testsuite ignored="0" hostname="yeshs-Mac-mini.local" failures="0" tests="6" name="signuppagetesting" time="50.906" errors="0" timestamp="2024-06-24T10:07:23 IST">
  <testcase classname="signuppagetesting.Signuppagetesting" name="emptyfields" time="9.877"/>
  <testcase classname="signuppagetesting.Signuppagetesting" name="existingemailaddress" time="8.653"/>
  <testcase classname="signuppagetesting.Signuppagetesting" name="invalidemailformat" time="9.95"/>
  <testcase classname="signuppagetesting.Signuppagetesting" name="passwordconfirmation" time="8.602"/>
  <testcase classname="signuppagetesting.Signuppagetesting" name="passwordstrength" time="8.161"/>
  <testcase classname="signuppagetesting.Signuppagetesting" name="successfulregistration" time="5.639"/>
</testsuite> <!-- signuppagetesting -->
