<?xml version="1.0" encoding="UTF-8"?>
<!-- Generated by org.testng.reporters.JUnitXMLReporter -->
<testsuite ignored="0" hostname="yeshs-Mac-mini.local" failures="0" tests="6" name="signuppagetesting" time="48.006" errors="0" timestamp="2024-07-04T15:53:27 IST">
  <testcase classname="signuppagetesting.Signuppagetesting" name="emptyfields" time="8.511"/>
  <testcase classname="signuppagetesting.Signuppagetesting" name="existingemailaddress" time="8.41"/>
  <testcase classname="signuppagetesting.Signuppagetesting" name="invalidemailformat" time="8.524"/>
  <testcase classname="signuppagetesting.Signuppagetesting" name="passwordconfirmation" time="8.428"/>
  <testcase classname="signuppagetesting.Signuppagetesting" name="passwordstrength" time="7.894"/>
  <testcase classname="signuppagetesting.Signuppagetesting" name="successfulregistration" time="6.222"/>
</testsuite> <!-- signuppagetesting -->
