<?xml version="1.0" encoding="UTF-8"?>
<testng-results ignored="0" total="4" passed="4" failed="0" skipped="0">
  <reporter-output>
  </reporter-output>
  <suite started-at="2024-10-10T11:19:24 IST" name="Surefire suite" finished-at="2024-10-10T11:20:29 IST" duration-ms="64259">
    <groups>
    </groups>
    <test started-at="2024-10-10T11:19:24 IST" name="Surefire test" finished-at="2024-10-10T11:20:29 IST" duration-ms="64259">
      <class name="applaudpagetesting.Applaud">
        <test-method is-config="true" signature="setUp()[pri:0, instance:applaudpagetesting.Applaud@9225652]" started-at="2024-10-10T11:19:24 IST" name="setUp" finished-at="2024-10-10T11:19:27 IST" duration-ms="2355" status="PASS">
          <reporter-output>
          </reporter-output>
        </test-method> <!-- setUp -->
        <test-method signature="seeReceivedApplauds()[pri:0, instance:applaudpagetesting.Applaud@9225652]" started-at="2024-10-10T11:19:27 IST" name="seeReceivedApplauds" finished-at="2024-10-10T11:19:47 IST" duration-ms="20592" status="PASS">
          <reporter-output>
          </reporter-output>
        </test-method> <!-- seeReceivedApplauds -->
        <test-method is-config="true" signature="setUp()[pri:0, instance:applaudpagetesting.Applaud@9225652]" started-at="2024-10-10T11:19:47 IST" name="setUp" finished-at="2024-10-10T11:19:48 IST" duration-ms="1120" status="PASS">
          <reporter-output>
          </reporter-output>
        </test-method> <!-- setUp -->
        <test-method signature="seeSentApplauds()[pri:0, instance:applaudpagetesting.Applaud@9225652]" started-at="2024-10-10T11:19:48 IST" name="seeSentApplauds" finished-at="2024-10-10T11:20:07 IST" duration-ms="18942" status="PASS">
          <reporter-output>
          </reporter-output>
        </test-method> <!-- seeSentApplauds -->
        <test-method is-config="true" signature="setUp()[pri:0, instance:applaudpagetesting.Applaud@9225652]" started-at="2024-10-10T11:20:07 IST" name="setUp" finished-at="2024-10-10T11:20:08 IST" duration-ms="1130" status="PASS">
          <reporter-output>
          </reporter-output>
        </test-method> <!-- setUp -->
        <test-method signature="sendApplaud()[pri:0, instance:applaudpagetesting.Applaud@9225652]" started-at="2024-10-10T11:20:08 IST" name="sendApplaud" finished-at="2024-10-10T11:20:17 IST" duration-ms="9057" status="PASS">
          <reporter-output>
          </reporter-output>
        </test-method> <!-- sendApplaud -->
        <test-method is-config="true" signature="setUp()[pri:0, instance:applaudpagetesting.Applaud@9225652]" started-at="2024-10-10T11:20:17 IST" name="setUp" finished-at="2024-10-10T11:20:19 IST" duration-ms="1110" status="PASS">
          <reporter-output>
          </reporter-output>
        </test-method> <!-- setUp -->
        <test-method signature="useMonthFilter()[pri:0, instance:applaudpagetesting.Applaud@9225652]" started-at="2024-10-10T11:20:19 IST" name="useMonthFilter" finished-at="2024-10-10T11:20:29 IST" duration-ms="9935" status="PASS">
          <reporter-output>
          </reporter-output>
        </test-method> <!-- useMonthFilter -->
      </class> <!-- applaudpagetesting.Applaud -->
    </test> <!-- Surefire test -->
  </suite> <!-- Surefire suite -->
</testng-results>
