<?xml version="1.0" encoding="UTF-8"?>
<testng-results ignored="0" total="1" passed="1" failed="0" skipped="0">
  <reporter-output>
  </reporter-output>
  <suite started-at="2024-05-31T12:43:46 IST" name="Default suite" finished-at="2024-05-31T12:44:49 IST" duration-ms="63257">
    <groups>
    </groups>
    <test started-at="2024-05-31T12:43:46 IST" name="Default test" finished-at="2024-05-31T12:44:49 IST" duration-ms="63257">
      <class name="goalpagetesting.TestingOfGoalpage">
        <test-method signature="usersCanUpdateStatus()[pri:0, instance:goalpagetesting.TestingOfGoalpage@1ed6388a]" started-at="2024-05-31T12:43:46 IST" name="usersCanUpdateStatus" finished-at="2024-05-31T12:44:49 IST" duration-ms="63203" status="PASS">
          <reporter-output>
          </reporter-output>
        </test-method> <!-- usersCanUpdateStatus -->
      </class> <!-- goalpagetesting.TestingOfGoalpage -->
    </test> <!-- Default test -->
  </suite> <!-- Default suite -->
</testng-results>
